2025-07-18 16:22:48,242 INFO c.s.u.f.BaseForm [main] clickLogInButton method start
2025-07-18 16:22:48,412 INFO c.s.u.f.BaseForm [main] logInButton clicked
2025-07-18 16:22:54,791 INFO c.s.u.f.BaseForm [main] clickLogInButton method start
2025-07-18 16:22:54,907 INFO c.s.u.f.BaseForm [main] logInButton clicked
2025-07-18 16:22:55,469 INFO c.s.u.f.BaseForm [main] inputEmail method start
2025-07-18 16:22:55,471 INFO c.s.u.f.BaseForm [main] email = russel.kemmer@yahoo.com
2025-07-18 16:22:55,651 INFO c.s.u.f.BaseForm [main] inputPassword method start
2025-07-18 16:22:55,651 INFO c.s.u.f.BaseForm [main] password = k4uiszvsxix
2025-07-18 16:23:04,422 INFO c.s.u.f.BaseForm [main] clickLogInButton method start
2025-07-18 16:23:04,556 INFO c.s.u.f.BaseForm [main] logInButton clicked
2025-07-18 16:23:05,113 INFO c.s.u.f.BaseForm [main] inputEmail method start
2025-07-18 16:23:05,114 INFO c.s.u.f.BaseForm [main] email = 
2025-07-18 16:23:05,208 INFO c.s.u.f.BaseForm [main] inputPassword method start
2025-07-18 16:23:05,208 INFO c.s.u.f.BaseForm [main] password = 
2025-07-18 16:23:11,800 INFO c.s.u.f.BaseForm [main] clickLogInButton method start
2025-07-18 16:23:11,887 INFO c.s.u.f.BaseForm [main] logInButton clicked
2025-07-18 16:23:12,450 INFO c.s.u.f.BaseForm [main] inputEmail method start
2025-07-18 16:23:12,450 INFO c.s.u.f.BaseForm [main] email = marquitta.ortiz@yahoo.com
2025-07-18 16:23:19,651 INFO c.s.u.f.BaseForm [main] clickLogInButton method start
2025-07-18 16:23:19,753 INFO c.s.u.f.BaseForm [main] logInButton clicked
2025-07-18 16:23:20,315 INFO c.s.u.f.BaseForm [main] inputPassword method start
2025-07-18 16:23:20,315 INFO c.s.u.f.BaseForm [main] password = x7os3qj1gya
2025-07-18 16:23:26,945 INFO c.s.u.f.BaseForm [main] clickLogInButton method start
2025-07-18 16:23:27,049 INFO c.s.u.f.BaseForm [main] logInButton clicked
2025-07-18 16:23:34,726 INFO c.s.u.f.BaseForm [main] clickLogInButton method start
2025-07-18 16:23:34,854 INFO c.s.u.f.BaseForm [main] logInButton clicked
2025-07-18 16:23:42,381 INFO c.s.u.f.BaseForm [main] clickLogInButton method start
2025-07-18 16:23:42,467 INFO c.s.u.f.BaseForm [main] logInButton clicked
2025-07-18 16:23:48,357 INFO c.s.u.f.BaseForm [main] clickLogInButton method start
2025-07-18 16:23:48,472 INFO c.s.u.f.BaseForm [main] logInButton clicked
2025-07-18 16:24:10,693 INFO c.s.u.f.BaseForm [main] clickLogInButton method start
2025-07-18 16:24:10,809 INFO c.s.u.f.BaseForm [main] logInButton clicked
2025-07-18 16:24:21,746 INFO c.s.u.f.BaseForm [main] clickSettingsButton method start
2025-07-18 16:24:21,861 INFO c.s.u.f.BaseForm [main] settingsButton clicked
