2025-07-18 16:26:42,892 INFO c.s.u.f.BaseForm [main] clickLogInButton method start
2025-07-18 16:26:43,012 INFO c.s.u.f.BaseForm [main] logInButton clicked
2025-07-18 16:26:48,679 INFO c.s.u.f.BaseForm [main] clickLogInButton method start
2025-07-18 16:26:48,784 INFO c.s.u.f.BaseForm [main] logInButton clicked
2025-07-18 16:26:49,342 INFO c.s.u.f.BaseForm [main] inputEmail method start
2025-07-18 16:26:49,343 INFO c.s.u.f.BaseForm [main] email = aaron.johns@hotmail.com
2025-07-18 16:26:49,491 INFO c.s.u.f.BaseForm [main] inputPassword method start
2025-07-18 16:26:49,491 INFO c.s.u.f.BaseForm [main] password = d4h891d5l
2025-07-18 16:26:57,786 INFO c.s.u.f.BaseForm [main] clickLogInButton method start
2025-07-18 16:26:57,904 INFO c.s.u.f.BaseForm [main] logInButton clicked
2025-07-18 16:26:58,508 INFO c.s.u.f.BaseForm [main] inputEmail method start
2025-07-18 16:26:58,508 INFO c.s.u.f.BaseForm [main] email = 
2025-07-18 16:26:58,598 INFO c.s.u.f.BaseForm [main] inputPassword method start
2025-07-18 16:26:58,598 INFO c.s.u.f.BaseForm [main] password = 
2025-07-18 16:27:05,863 INFO c.s.u.f.BaseForm [main] clickLogInButton method start
2025-07-18 16:27:05,970 INFO c.s.u.f.BaseForm [main] logInButton clicked
2025-07-18 16:27:06,599 INFO c.s.u.f.BaseForm [main] inputEmail method start
2025-07-18 16:27:06,599 INFO c.s.u.f.BaseForm [main] email = marlin.fay@hotmail.com
2025-07-18 16:27:13,696 INFO c.s.u.f.BaseForm [main] clickLogInButton method start
2025-07-18 16:27:13,823 INFO c.s.u.f.BaseForm [main] logInButton clicked
2025-07-18 16:27:14,409 INFO c.s.u.f.BaseForm [main] inputPassword method start
2025-07-18 16:27:14,409 INFO c.s.u.f.BaseForm [main] password = vgk9fmqymo6ym
2025-07-18 16:27:21,425 INFO c.s.u.f.BaseForm [main] clickLogInButton method start
2025-07-18 16:27:21,532 INFO c.s.u.f.BaseForm [main] logInButton clicked
2025-07-18 16:27:28,051 INFO c.s.u.f.BaseForm [main] clickLogInButton method start
2025-07-18 16:27:28,165 INFO c.s.u.f.BaseForm [main] logInButton clicked
2025-07-18 16:27:33,987 INFO c.s.u.f.BaseForm [main] clickLogInButton method start
2025-07-18 16:27:34,092 INFO c.s.u.f.BaseForm [main] logInButton clicked
2025-07-18 16:27:40,786 INFO c.s.u.f.BaseForm [main] clickLogInButton method start
2025-07-18 16:27:40,911 INFO c.s.u.f.BaseForm [main] logInButton clicked
2025-07-18 16:28:03,765 INFO c.s.u.f.BaseForm [main] clickLogInButton method start
2025-07-18 16:28:03,880 INFO c.s.u.f.BaseForm [main] logInButton clicked
2025-07-18 16:28:14,676 INFO c.s.u.f.BaseForm [main] clickSettingsButton method start
2025-07-18 16:28:14,794 INFO c.s.u.f.BaseForm [main] settingsButton clicked
